<?xml version="1.0" encoding="UTF-8"?>
<testsuites>
  <testsuite id="0" name="D:\Documents\Selfwork\Backend_Projects\File_Validator\test\upload.test.js" errors="0" package="D:\Documents\Selfwork\Backend_Projects\File_Validator\test\upload.test.js" hostname="localhost" tests="9" failures="0" time="2.837" timestamp="2022-03-22T19:10:24">
    <properties>
    </properties>
    <testcase classname="uploading valid dp" name="uploading valid dp" time="0">
    </testcase>
    <testcase classname="Not uploading dp when size exceeds limit" name="Not uploading dp when size exceeds limit" time="0">
    </testcase>
    <testcase classname="Not uploading dp when other file formats rater than image are uploaded" name="Not uploading dp when other file formats rater than image are uploaded" time="0">
    </testcase>
    <testcase classname="uploading valid dp" name="uploading valid dp" time="0">
    </testcase>
    <testcase classname="Not uploading resume when size exceeds limit" name="Not uploading resume when size exceeds limit" time="0">
    </testcase>
    <testcase classname="Not uploading resume when other file formats rater than pdf are uploaded" name="Not uploading resume when other file formats rater than pdf are uploaded" time="0">
    </testcase>
    <testcase classname="uploading valid report" name="uploading valid report" time="0">
    </testcase>
    <testcase classname="Not uploading when report size exceeds limit" name="Not uploading when report size exceeds limit" time="0">
    </testcase>
    <testcase classname="Not uploading when other file formats rater than word document are uploaded" name="Not uploading when other file formats rater than word document are uploaded" time="0">
    </testcase>
    <system-out/>
    <system-err/>
  </testsuite>
</testsuites>